<?xml version="1.0" encoding="UTF-8"?>
<testsuite name="TurnTest" tests="2" skipped="0" failures="0" errors="0" timestamp="2017-11-08T04:21:47" hostname="DJ" time="0.015">
  <properties/>
  <testcase name="checkFourthToFirstPlayerTurn" classname="TurnTest" time="0.015"/>
  <testcase name="checkFirstToSecondPlayerTurn" classname="TurnTest" time="0.0"/>
  <system-out><![CDATA[]]></system-out>
  <system-err><![CDATA[]]></system-err>
</testsuite>
