<?xml version="1.0" encoding="UTF-8"?>
<testsuite name="CardDeckGUITest" tests="13" skipped="0" failures="0" errors="0" timestamp="2017-11-08T14:29:35" hostname="DESKTOP-ASGSQOI" time="0.201">
  <properties/>
  <testcase name="testRedSingleCard" classname="CardDeckGUITest" time="0.186"/>
  <testcase name="testSkipCard" classname="CardDeckGUITest" time="0.001"/>
  <testcase name="testBlueDoubleCard" classname="CardDeckGUITest" time="0.002"/>
  <testcase name="testBlueSingleCard" classname="CardDeckGUITest" time="0.001"/>
  <testcase name="testYellowDoubleCard" classname="CardDeckGUITest" time="0.001"/>
  <testcase name="testYellowSingleCard" classname="CardDeckGUITest" time="0.002"/>
  <testcase name="testDrawCardNull" classname="CardDeckGUITest" time="0.001"/>
  <testcase name="testOrangeDoubleCard" classname="CardDeckGUITest" time="0.001"/>
  <testcase name="testOrangeSingleCard" classname="CardDeckGUITest" time="0.001"/>
  <testcase name="testGoToMiddleCard" classname="CardDeckGUITest" time="0.002"/>
  <testcase name="testGreenDoubleCard" classname="CardDeckGUITest" time="0.001"/>
  <testcase name="testGreenSingleCard" classname="CardDeckGUITest" time="0.001"/>
  <testcase name="testRedDoubleCard" classname="CardDeckGUITest" time="0.001"/>
  <system-out><![CDATA[]]></system-out>
  <system-err><![CDATA[]]></system-err>
</testsuite>
