<?xml version="1.0" encoding="UTF-8"?>
<testsuite name="MoveTokenTest" tests="6" skipped="0" failures="0" errors="0" timestamp="2017-11-08T14:29:36" hostname="DESKTOP-ASGSQOI" time="0.331">
  <properties/>
  <testcase name="checkMoveToSecondRedSquare" classname="MoveTokenTest" time="0.141"/>
  <testcase name="checkMoveToFirstRedSquare" classname="MoveTokenTest" time="0.051"/>
  <testcase name="checkMoveToSecondOrangeSquare" classname="MoveTokenTest" time="0.038"/>
  <testcase name="checkLandPastGrandmasHouse" classname="MoveTokenTest" time="0.03"/>
  <testcase name="checkLandOnGrandmasHouse" classname="MoveTokenTest" time="0.038"/>
  <testcase name="checkMoveToFirstOrangeSquare" classname="MoveTokenTest" time="0.033"/>
  <system-out><![CDATA[]]></system-out>
  <system-err><![CDATA[]]></system-err>
</testsuite>
