<?xml version="1.0" encoding="UTF-8"?>
<testsuite name="MoveTokenTest" tests="4" skipped="0" failures="0" errors="0" timestamp="2017-11-08T04:21:41" hostname="DJ" time="0.495">
  <properties/>
  <testcase name="checkMoveToSecondRedSquare" classname="MoveTokenTest" time="0.245"/>
  <testcase name="checkMoveToFirstRedSquare" classname="MoveTokenTest" time="0.076"/>
  <testcase name="checkMoveToSecondOrangeSquare" classname="MoveTokenTest" time="0.101"/>
  <testcase name="checkMoveToFirstOrangeSquare" classname="MoveTokenTest" time="0.072"/>
  <system-out><![CDATA[]]></system-out>
  <system-err><![CDATA[]]></system-err>
</testsuite>
