<?xml version="1.0" encoding="UTF-8"?>
<testsuite name="MoveTokenTest" tests="4" skipped="0" failures="0" errors="0" timestamp="2017-11-07T20:24:43" hostname="DJ" time="0.869">
  <properties/>
  <testcase name="checkMoveToSecondRedSquare" classname="MoveTokenTest" time="0.341"/>
  <testcase name="checkMoveToFirstRedSquare" classname="MoveTokenTest" time="0.244"/>
  <testcase name="checkMoveToSecondOrangeSquare" classname="MoveTokenTest" time="0.14"/>
  <testcase name="checkMoveToFirstOrangeSquare" classname="MoveTokenTest" time="0.144"/>
  <system-out><![CDATA[]]></system-out>
  <system-err><![CDATA[]]></system-err>
</testsuite>
