<?xml version="1.0" encoding="UTF-8"?>
<testsuite name="Sample" tests="1" skipped="0" failures="0" errors="0" timestamp="2017-10-30T14:23:08" hostname="DJ" time="0.0">
  <properties/>
  <testcase name="sample" classname="Sample" time="0.0"/>
  <system-out><![CDATA[]]></system-out>
  <system-err><![CDATA[]]></system-err>
</testsuite>
