<?xml version="1.0" encoding="UTF-8"?>
<testsuite name="TurnTest" tests="2" skipped="0" failures="0" errors="0" timestamp="2017-11-08T14:29:38" hostname="DESKTOP-ASGSQOI" time="0.006">
  <properties/>
  <testcase name="checkFourthToFirstPlayerTurn" classname="TurnTest" time="0.005"/>
  <testcase name="checkFirstToSecondPlayerTurn" classname="TurnTest" time="0.001"/>
  <system-out><![CDATA[]]></system-out>
  <system-err><![CDATA[]]></system-err>
</testsuite>
