<?xml version="1.0" encoding="UTF-8"?>
<testsuite name="DeckOfCardsTest" tests="16" skipped="0" failures="0" errors="0" timestamp="2017-10-30T14:23:08" hostname="DJ" time="0.01">
  <properties/>
  <testcase name="testDrawCardEmptyDeck" classname="DeckOfCardsTest" time="0.002"/>
  <testcase name="checkDeckSize" classname="DeckOfCardsTest" time="0.0"/>
  <testcase name="testDrawCard20" classname="DeckOfCardsTest" time="0.0"/>
  <testcase name="check10GreenDouble" classname="DeckOfCardsTest" time="0.001"/>
  <testcase name="check10GreenSingle" classname="DeckOfCardsTest" time="0.0"/>
  <testcase name="testDrawCard" classname="DeckOfCardsTest" time="0.001"/>
  <testcase name="check10OrangeDouble" classname="DeckOfCardsTest" time="0.0"/>
  <testcase name="check10BlueDouble" classname="DeckOfCardsTest" time="0.0"/>
  <testcase name="check10YellowDouble" classname="DeckOfCardsTest" time="0.0"/>
  <testcase name="check10OrangeSingle" classname="DeckOfCardsTest" time="0.001"/>
  <testcase name="check10BlueSingle" classname="DeckOfCardsTest" time="0.0"/>
  <testcase name="testDrawCard2" classname="DeckOfCardsTest" time="0.0"/>
  <testcase name="check10YellowSingle" classname="DeckOfCardsTest" time="0.0"/>
  <testcase name="check10RedDouble" classname="DeckOfCardsTest" time="0.0"/>
  <testcase name="check10RedSingle" classname="DeckOfCardsTest" time="0.0"/>
  <testcase name="testDeckSizeAfterShuffle" classname="DeckOfCardsTest" time="0.001"/>
  <system-out><![CDATA[]]></system-out>
  <system-err><![CDATA[]]></system-err>
</testsuite>
