<?xml version="1.0" encoding="UTF-8"?>
<testsuite name="TokenTest" tests="3" skipped="0" failures="0" errors="0" timestamp="2017-11-07T05:43:25" hostname="DJ" time="0.197">
  <properties/>
  <testcase name="testGetName" classname="TokenTest" time="0.145"/>
  <testcase name="testSetCoords" classname="TokenTest" time="0.047"/>
  <testcase name="testSetSize" classname="TokenTest" time="0.001"/>
  <system-out><![CDATA[]]></system-out>
  <system-err><![CDATA[]]></system-err>
</testsuite>
