<?xml version="1.0" encoding="UTF-8"?>
<testsuite name="TokenTest" tests="3" skipped="0" failures="0" errors="0" timestamp="2017-11-08T04:21:47" hostname="DJ" time="0.102">
  <properties/>
  <testcase name="testGetName" classname="TokenTest" time="0.064"/>
  <testcase name="testSetCoords" classname="TokenTest" time="0.033"/>
  <testcase name="testSetSize" classname="TokenTest" time="0.001"/>
  <system-out><![CDATA[]]></system-out>
  <system-err><![CDATA[]]></system-err>
</testsuite>
