<?xml version="1.0" encoding="UTF-8"?>
<testsuite name="TokenTest" tests="3" skipped="0" failures="0" errors="0" timestamp="2017-11-08T14:29:38" hostname="DESKTOP-ASGSQOI" time="0.103">
  <properties/>
  <testcase name="testGetName" classname="TokenTest" time="0.065"/>
  <testcase name="testSetCoords" classname="TokenTest" time="0.036"/>
  <testcase name="testSetSize" classname="TokenTest" time="0.0"/>
  <system-out><![CDATA[]]></system-out>
  <system-err><![CDATA[]]></system-err>
</testsuite>
