<?xml version="1.0" encoding="UTF-8"?>
<testsuite name="PlayerTest" tests="55" skipped="0" failures="0" errors="0" timestamp="2017-11-08T04:21:42" hostname="DJ" time="4.42">
  <properties/>
  <testcase name="checkBluetoRedSingleTransition" classname="PlayerTest" time="0.035"/>
  <testcase name="checkRedtoYellowDoubleTransition" classname="PlayerTest" time="0.067"/>
  <testcase name="checkYellowtoYellowSingleTransition" classname="PlayerTest" time="0.191"/>
  <testcase name="checkSkipCardResponse" classname="PlayerTest" time="0.055"/>
  <testcase name="checkBluetoOrangeSingleTransition" classname="PlayerTest" time="0.028"/>
  <testcase name="checkOrangetoOrangeSingleTransition" classname="PlayerTest" time="0.017"/>
  <testcase name="checkYellowtoRedSingleTransition" classname="PlayerTest" time="0.115"/>
  <testcase name="checkYellowtoGreenSingleTransition" classname="PlayerTest" time="0.092"/>
  <testcase name="checkGreentoGreenDoubleTransition" classname="PlayerTest" time="0.035"/>
  <testcase name="checkGreentoOrangeDoubleTransition" classname="PlayerTest" time="0.165"/>
  <testcase name="checkGreentoRedSingleTransition" classname="PlayerTest" time="0.046"/>
  <testcase name="checkRedtoBlueDoubleTransition" classname="PlayerTest" time="0.021"/>
  <testcase name="checkRedtoOrangeDoubleTransition" classname="PlayerTest" time="0.065"/>
  <testcase name="checkOrangetoBlueDoubleTransition" classname="PlayerTest" time="0.028"/>
  <testcase name="checkBluetoYellowDoubleTransition" classname="PlayerTest" time="0.148"/>
  <testcase name="checkYellowtoOrangeSingleTransition" classname="PlayerTest" time="0.082"/>
  <testcase name="checkOrangetoYellowDoubleTransition" classname="PlayerTest" time="0.023"/>
  <testcase name="checkGreentoBlueSingleTransition" classname="PlayerTest" time="0.105"/>
  <testcase name="checkBluetoGreenDoubleTransition" classname="PlayerTest" time="0.14"/>
  <testcase name="checkStartColor" classname="PlayerTest" time="0.026"/>
  <testcase name="checkBluetoRedDoubleTransition" classname="PlayerTest" time="0.013"/>
  <testcase name="checkRedtoGreenSingleTransition" classname="PlayerTest" time="0.196"/>
  <testcase name="checkOrangetoGreenSingleTransition" classname="PlayerTest" time="0.09"/>
  <testcase name="checkYellowtoYellowDoubleTransition" classname="PlayerTest" time="0.072"/>
  <testcase name="checkOrangetoRedSingleTransition" classname="PlayerTest" time="0.069"/>
  <testcase name="checkYellowtoBlueSingleTransition" classname="PlayerTest" time="0.033"/>
  <testcase name="checkBluetoOrangeDoubleTransition" classname="PlayerTest" time="0.137"/>
  <testcase name="checkOrangetoOrangeDoubleTransition" classname="PlayerTest" time="0.165"/>
  <testcase name="checkYellowtoRedDoubleTransition" classname="PlayerTest" time="0.06"/>
  <testcase name="checkBluetoBlueSingleTransition" classname="PlayerTest" time="0.041"/>
  <testcase name="checkYellowtoGreenDoubleTransition" classname="PlayerTest" time="0.125"/>
  <testcase name="checkGreentoYellowSingleTransition" classname="PlayerTest" time="0.055"/>
  <testcase name="checkRedtoRedSingleTransition" classname="PlayerTest" time="0.012"/>
  <testcase name="checkMiddleCardResponse_Forward" classname="PlayerTest" time="0.077"/>
  <testcase name="checkRedtoYellowSingleTransition" classname="PlayerTest" time="0.013"/>
  <testcase name="checkGreentoRedDoubleTransition" classname="PlayerTest" time="0.015"/>
  <testcase name="checkMiddleCardResponse_Back" classname="PlayerTest" time="0.112"/>
  <testcase name="checkYellowtoOrangeDoubleTransition" classname="PlayerTest" time="0.035"/>
  <testcase name="checkGreentoGreenSingleTransition" classname="PlayerTest" time="0.032"/>
  <testcase name="checkGreentoBlueDoubleTransition" classname="PlayerTest" time="0.052"/>
  <testcase name="checkGreentoOrangeSingleTransition" classname="PlayerTest" time="0.036"/>
  <testcase name="checkStartPosition" classname="PlayerTest" time="0.399"/>
  <testcase name="checkRedtoGreenDoubleTransition" classname="PlayerTest" time="0.107"/>
  <testcase name="checkRedtoBlueSingleTransition" classname="PlayerTest" time="0.045"/>
  <testcase name="checkRedtoOrangeSingleTransition" classname="PlayerTest" time="0.046"/>
  <testcase name="checkOrangetoGreenDoubleTransition" classname="PlayerTest" time="0.116"/>
  <testcase name="checkOrangetoBlueSingleTransition" classname="PlayerTest" time="0.163"/>
  <testcase name="checkBluetoYellowSingleTransition" classname="PlayerTest" time="0.054"/>
  <testcase name="checkOrangetoYellowSingleTransition" classname="PlayerTest" time="0.025"/>
  <testcase name="checkOrangetoRedDoubleTransition" classname="PlayerTest" time="0.081"/>
  <testcase name="checkYellowtoBlueDoubleTransition" classname="PlayerTest" time="0.013"/>
  <testcase name="checkBluetoGreenSingleTransition" classname="PlayerTest" time="0.028"/>
  <testcase name="checkBluetoBlueDoubleTransition" classname="PlayerTest" time="0.133"/>
  <testcase name="checkGreentoYellowDoubleTransition" classname="PlayerTest" time="0.062"/>
  <testcase name="checkRedtoRedDoubleTransition" classname="PlayerTest" time="0.198"/>
  <system-out><![CDATA[]]></system-out>
  <system-err><![CDATA[]]></system-err>
</testsuite>
